<?xml version="1.0" encoding="UTF-8"?>
<!-- Generated by org.testng.reporters.JUnitXMLReporter -->
<testsuite ignored="0" hostname="LAPTOP-HRG65F26" failures="0" tests="2" name="BankingApp Test" time="104.735" errors="0" timestamp="2021-02-18T19:54:44 IST">
  <testcase classname="com.inetBanking.TestCases.TC_LoginTest_001" name="loginTest" time="10.795"/>
  <testcase classname="com.inetBanking.TestCases.TC_AddCustomerTest_003" name="addNewCustome" time="44.175"/>
</testsuite> <!-- BankingApp Test -->
