<?xml version="1.0" encoding="UTF-8"?>
<testng-results ignored="0" total="1" passed="1" failed="0" skipped="0">
  <reporter-output>
  </reporter-output>
  <suite started-at="2021-02-21T19:59:26 IST" name="inetBankingV1-LiveProject" finished-at="2021-02-21T20:00:13 IST" duration-ms="46969">
    <groups>
    </groups>
    <test started-at="2021-02-21T19:59:26 IST" name="BankingApp Test" finished-at="2021-02-21T20:00:13 IST" duration-ms="46969">
      <class name="com.inetBanking.TestCases.TC_AddCustomerTest_003">
        <test-method is-config="true" signature="setup(java.lang.String)[pri:0, instance:com.inetBanking.TestCases.TC_AddCustomerTest_003@32cf48b7]" started-at="2021-02-21T19:59:27 IST" name="setup" finished-at="2021-02-21T19:59:40 IST" duration-ms="13188" status="PASS">
          <params>
            <param index="0">
              <value>
                <![CDATA[chrome]]>
              </value>
            </param>
          </params>
          <reporter-output>
          </reporter-output>
        </test-method> <!-- setup -->
        <test-method signature="addNewCustome()[pri:0, instance:com.inetBanking.TestCases.TC_AddCustomerTest_003@32cf48b7]" started-at="2021-02-21T19:59:40 IST" name="addNewCustome" finished-at="2021-02-21T20:00:12 IST" duration-ms="31742" status="PASS">
          <reporter-output>
          </reporter-output>
        </test-method> <!-- addNewCustome -->
        <test-method is-config="true" signature="tearDown()[pri:0, instance:com.inetBanking.TestCases.TC_AddCustomerTest_003@32cf48b7]" started-at="2021-02-21T20:00:12 IST" name="tearDown" finished-at="2021-02-21T20:00:13 IST" duration-ms="1490" status="PASS">
          <reporter-output>
          </reporter-output>
        </test-method> <!-- tearDown -->
      </class> <!-- com.inetBanking.TestCases.TC_AddCustomerTest_003 -->
    </test> <!-- BankingApp Test -->
  </suite> <!-- inetBankingV1-LiveProject -->
</testng-results>
