<?xml version="1.0" encoding="UTF-8"?>
<testng-results ignored="0" total="2" passed="2" failed="0" skipped="0">
  <reporter-output>
  </reporter-output>
  <suite started-at="2021-02-18T19:52:58 IST" name="inetBankingV1-LiveProject" finished-at="2021-02-18T19:54:43 IST" duration-ms="104735">
    <groups>
    </groups>
    <test started-at="2021-02-18T19:52:58 IST" name="BankingApp Test" finished-at="2021-02-18T19:54:43 IST" duration-ms="104735">
      <class name="com.inetBanking.TestCases.TC_AddCustomerTest_003">
        <test-method is-config="true" signature="setup(java.lang.String)[pri:0, instance:com.inetBanking.TestCases.TC_AddCustomerTest_003@55536d9e]" started-at="2021-02-18T19:53:44 IST" name="setup" finished-at="2021-02-18T19:53:57 IST" duration-ms="13359" status="PASS">
          <params>
            <param index="0">
              <value>
                <![CDATA[chrome]]>
              </value>
            </param>
          </params>
          <reporter-output>
          </reporter-output>
        </test-method> <!-- setup -->
        <test-method signature="addNewCustome()[pri:0, instance:com.inetBanking.TestCases.TC_AddCustomerTest_003@55536d9e]" started-at="2021-02-18T19:53:57 IST" name="addNewCustome" finished-at="2021-02-18T19:54:41 IST" duration-ms="44175" status="PASS">
          <reporter-output>
          </reporter-output>
        </test-method> <!-- addNewCustome -->
        <test-method is-config="true" signature="tearDown()[pri:0, instance:com.inetBanking.TestCases.TC_AddCustomerTest_003@55536d9e]" started-at="2021-02-18T19:54:41 IST" name="tearDown" finished-at="2021-02-18T19:54:43 IST" duration-ms="1902" status="PASS">
          <reporter-output>
          </reporter-output>
        </test-method> <!-- tearDown -->
      </class> <!-- com.inetBanking.TestCases.TC_AddCustomerTest_003 -->
      <class name="com.inetBanking.TestCases.TC_LoginTest_001">
        <test-method is-config="true" signature="setup(java.lang.String)[pri:0, instance:com.inetBanking.TestCases.TC_LoginTest_001@346d61be]" started-at="2021-02-18T19:52:59 IST" name="setup" finished-at="2021-02-18T19:53:30 IST" duration-ms="31689" status="PASS">
          <params>
            <param index="0">
              <value>
                <![CDATA[chrome]]>
              </value>
            </param>
          </params>
          <reporter-output>
          </reporter-output>
        </test-method> <!-- setup -->
        <test-method signature="loginTest()[pri:0, instance:com.inetBanking.TestCases.TC_LoginTest_001@346d61be]" started-at="2021-02-18T19:53:30 IST" name="loginTest" finished-at="2021-02-18T19:53:41 IST" duration-ms="10795" status="PASS">
          <reporter-output>
          </reporter-output>
        </test-method> <!-- loginTest -->
        <test-method is-config="true" signature="tearDown()[pri:0, instance:com.inetBanking.TestCases.TC_LoginTest_001@346d61be]" started-at="2021-02-18T19:53:41 IST" name="tearDown" finished-at="2021-02-18T19:53:44 IST" duration-ms="2291" status="PASS">
          <reporter-output>
          </reporter-output>
        </test-method> <!-- tearDown -->
      </class> <!-- com.inetBanking.TestCases.TC_LoginTest_001 -->
    </test> <!-- BankingApp Test -->
  </suite> <!-- inetBankingV1-LiveProject -->
</testng-results>
